04/14/22 18:20:57 (D_ALWAYS) ******************************************************
04/14/22 18:20:57 (D_ALWAYS) ** condor_scheduniv_exec.230372.0 (CONDOR_DAGMAN) STARTING UP
04/14/22 18:20:57 (D_ALWAYS) ** /usr/bin/condor_dagman
04/14/22 18:20:57 (D_ALWAYS) ** SubsystemInfo: name=DAGMAN type=DAGMAN(10) class=DAEMON(1)
04/14/22 18:20:57 (D_ALWAYS) ** Configuration: subsystem:DAGMAN local:<NONE> class:DAEMON
04/14/22 18:20:57 (D_ALWAYS) ** $CondorVersion: 9.8.0 2022-03-31 BuildID: 581297 PackageID: 9.8.0-0.581297 RC $
04/14/22 18:20:57 (D_ALWAYS) ** $CondorPlatform: x86_64_CentOS7 $
04/14/22 18:20:57 (D_ALWAYS) ** PID = 2828427
04/14/22 18:20:57 (D_ALWAYS) ** Log last touched time unavailable (No such file or directory)
04/14/22 18:20:57 (D_ALWAYS) ******************************************************
04/14/22 18:20:57 (D_ALWAYS) Using config source: /etc/condor/condor_config
04/14/22 18:20:57 (D_ALWAYS) Using local config sources: 
04/14/22 18:20:57 (D_ALWAYS)    /var/run/condor/pids.conf
04/14/22 18:20:57 (D_ALWAYS)    /var/run/condor/master_pid_1096.conf
04/14/22 18:20:57 (D_ALWAYS)    /etc/condor/condor_config.principals
04/14/22 18:20:57 (D_ALWAYS)    /etc/condor/condor_config.hosts
04/14/22 18:20:57 (D_ALWAYS)    /etc/condor/condor_config.global
04/14/22 18:20:57 (D_ALWAYS)    /etc/condor/condor_config.policy
04/14/22 18:20:57 (D_ALWAYS)    /etc/condor/condor_config.x86_64_CentOS7
04/14/22 18:20:57 (D_ALWAYS)    /etc/condor/condor_config.security
04/14/22 18:20:57 (D_ALWAYS)    /etc/condor/hosts/learn.chtc.wisc.edu.local
04/14/22 18:20:57 (D_ALWAYS)    /etc/condor/include/schedd.conf
04/14/22 18:20:57 (D_ALWAYS)    /etc/condor/include/facility_wid.conf
04/14/22 18:20:57 (D_ALWAYS)    /etc/condor/include/scitokens_credmon.conf
04/14/22 18:20:57 (D_ALWAYS)    /etc/condor/include/owned_by_chtc.conf
04/14/22 18:20:57 (D_ALWAYS)    /var/run/condor/condor_config.startd_offline_gpus
04/14/22 18:20:57 (D_ALWAYS)    /etc/condor/condor_config.flightworthy_testing
04/14/22 18:20:57 (D_ALWAYS) config Macros = 362, Sorted = 362, StringBytes = 83632, TablesBytes = 13184
04/14/22 18:20:57 (D_ALWAYS) CLASSAD_CACHING is ENABLED
04/14/22 18:20:57 (D_ALWAYS) Daemon Log is logging: D_ALWAYS D_ERROR
04/14/22 18:20:57 (D_ALWAYS) DaemonCore: No command port requested.
04/14/22 18:20:57 (D_ALWAYS) DAGMAN_USE_STRICT setting: 1
04/14/22 18:20:57 (D_ALWAYS) DAGMAN_VERBOSITY setting: 3
04/14/22 18:20:57 (D_ALWAYS) DAGMAN_DEBUG_CACHE_SIZE setting: 5242880
04/14/22 18:20:57 (D_ALWAYS) DAGMAN_DEBUG_CACHE_ENABLE setting: False
04/14/22 18:20:57 (D_ALWAYS) DAGMAN_SUBMIT_DELAY setting: 0
04/14/22 18:20:57 (D_ALWAYS) DAGMAN_MAX_SUBMIT_ATTEMPTS setting: 6
04/14/22 18:20:57 (D_ALWAYS) DAGMAN_STARTUP_CYCLE_DETECT setting: False
04/14/22 18:20:57 (D_ALWAYS) DAGMAN_MAX_SUBMITS_PER_INTERVAL setting: 100
04/14/22 18:20:57 (D_ALWAYS) DAGMAN_AGGRESSIVE_SUBMIT setting: False
04/14/22 18:20:57 (D_ALWAYS) DAGMAN_USER_LOG_SCAN_INTERVAL setting: 5
04/14/22 18:20:57 (D_ALWAYS) DAGMAN_QUEUE_UPDATE_INTERVAL setting: 300
04/14/22 18:20:57 (D_ALWAYS) DAGMAN_DEFAULT_PRIORITY setting: 0
04/14/22 18:20:57 (D_ALWAYS) DAGMAN_SUPPRESS_NOTIFICATION setting: True
04/14/22 18:20:57 (D_ALWAYS) allow_events (DAGMAN_ALLOW_EVENTS) setting: 114
04/14/22 18:20:57 (D_ALWAYS) DAGMAN_RETRY_SUBMIT_FIRST setting: True
04/14/22 18:20:57 (D_ALWAYS) DAGMAN_RETRY_NODE_FIRST setting: False
04/14/22 18:20:57 (D_ALWAYS) DAGMAN_MAX_JOBS_IDLE setting: 1000
04/14/22 18:20:57 (D_ALWAYS) DAGMAN_MAX_JOBS_SUBMITTED setting: 0
04/14/22 18:20:57 (D_ALWAYS) DAGMAN_MAX_PRE_SCRIPTS setting: 20
04/14/22 18:20:57 (D_ALWAYS) DAGMAN_MAX_POST_SCRIPTS setting: 20
04/14/22 18:20:57 (D_ALWAYS) DAGMAN_MAX_HOLD_SCRIPTS setting: 20
04/14/22 18:20:57 (D_ALWAYS) DAGMAN_MUNGE_NODE_NAMES setting: True
04/14/22 18:20:57 (D_ALWAYS) DAGMAN_PROHIBIT_MULTI_JOBS setting: False
04/14/22 18:20:57 (D_ALWAYS) DAGMAN_SUBMIT_DEPTH_FIRST setting: False
04/14/22 18:20:57 (D_ALWAYS) DAGMAN_ALWAYS_RUN_POST setting: False
04/14/22 18:20:57 (D_ALWAYS) DAGMAN_CONDOR_SUBMIT_EXE setting: /usr/bin/condor_submit
04/14/22 18:20:57 (D_ALWAYS) DAGMAN_USE_DIRECT_SUBMIT setting: True
04/14/22 18:20:57 (D_ALWAYS) DAGMAN_ABORT_DUPLICATES setting: True
04/14/22 18:20:57 (D_ALWAYS) DAGMAN_ABORT_ON_SCARY_SUBMIT setting: True
04/14/22 18:20:57 (D_ALWAYS) DAGMAN_PENDING_REPORT_INTERVAL setting: 600
04/14/22 18:20:57 (D_ALWAYS) DAGMAN_AUTO_RESCUE setting: True
04/14/22 18:20:57 (D_ALWAYS) DAGMAN_MAX_RESCUE_NUM setting: 100
04/14/22 18:20:57 (D_ALWAYS) DAGMAN_WRITE_PARTIAL_RESCUE setting: True
04/14/22 18:20:57 (D_ALWAYS) DAGMAN_DEFAULT_NODE_LOG setting: @(DAG_DIR)/@(DAG_FILE).nodes.log
04/14/22 18:20:57 (D_ALWAYS) DAGMAN_GENERATE_SUBDAG_SUBMITS setting: True
04/14/22 18:20:57 (D_ALWAYS) DAGMAN_MAX_JOB_HOLDS setting: 100
04/14/22 18:20:57 (D_ALWAYS) DAGMAN_HOLD_CLAIM_TIME setting: 20
04/14/22 18:20:57 (D_ALWAYS) ALL_DEBUG setting: D_CAT
04/14/22 18:20:57 (D_ALWAYS) DAGMAN_DEBUG setting: 
04/14/22 18:20:57 (D_ALWAYS) DAGMAN_SUPPRESS_JOB_LOGS setting: False
04/14/22 18:20:57 (D_ALWAYS) DAGMAN_REMOVE_NODE_JOBS setting: True
04/14/22 18:20:57 (D_ALWAYS) DAGMAN will adjust edges after parsing
04/14/22 18:20:57 (D_ALWAYS) argv[0] == "condor_scheduniv_exec.230372.0"
04/14/22 18:20:57 (D_ALWAYS) argv[1] == "-Lockfile"
04/14/22 18:20:57 (D_ALWAYS) argv[2] == "words.dag.lock"
04/14/22 18:20:57 (D_ALWAYS) argv[3] == "-AutoRescue"
04/14/22 18:20:57 (D_ALWAYS) argv[4] == "1"
04/14/22 18:20:57 (D_ALWAYS) argv[5] == "-DoRescueFrom"
04/14/22 18:20:57 (D_ALWAYS) argv[6] == "0"
04/14/22 18:20:57 (D_ALWAYS) argv[7] == "-Dag"
04/14/22 18:20:57 (D_ALWAYS) argv[8] == "words.dag"
04/14/22 18:20:57 (D_ALWAYS) argv[9] == "-Suppress_notification"
04/14/22 18:20:57 (D_ALWAYS) argv[10] == "-CsdVersion"
04/14/22 18:20:57 (D_ALWAYS) argv[11] == "$CondorVersion: 9.8.0 2022-03-31 BuildID: 581297 PackageID: 9.8.0-0.581297 RC $"
04/14/22 18:20:57 (D_ALWAYS) argv[12] == "-Dagman"
04/14/22 18:20:57 (D_ALWAYS) argv[13] == "/usr/bin/condor_dagman"
04/14/22 18:20:57 (D_ALWAYS) Workflow batch-id: <230372.0>
04/14/22 18:20:57 (D_ALWAYS) Workflow batch-name: <words.dag+230372>
04/14/22 18:20:57 (D_ALWAYS) Workflow accounting_group: <>
04/14/22 18:20:57 (D_ALWAYS) Workflow accounting_group_user: <>
04/14/22 18:20:57 (D_ALWAYS) Warning: failed to get attribute DAGNodeName
04/14/22 18:20:57 (D_ALWAYS) DAGMAN_LOG_ON_NFS_IS_ERROR setting: False
04/14/22 18:20:57 (D_ALWAYS) Default node log file is: </home/yren58/group3/./words.dag.nodes.log>
04/14/22 18:20:57 (D_ALWAYS) DAG Lockfile will be written to words.dag.lock
04/14/22 18:20:57 (D_ALWAYS) DAG Input file is words.dag
04/14/22 18:20:57 (D_ALWAYS) Parsing 1 dagfiles
04/14/22 18:20:57 (D_ALWAYS) Parsing words.dag ...
04/14/22 18:20:57 (D_ALWAYS) Adjusting edges
04/14/22 18:20:57 (D_ALWAYS) Dag contains 1 total jobs
04/14/22 18:20:57 (D_ALWAYS) Bootstrapping...
04/14/22 18:20:57 (D_ALWAYS) Number of pre-completed nodes: 0
04/14/22 18:20:57 (D_ALWAYS) MultiLogFiles: truncating log file /home/yren58/group3/./words.dag.nodes.log
04/14/22 18:20:57 (D_ALWAYS) Running PRE script of Node 1...
04/14/22 18:20:57 (D_ALWAYS) Warning: mysin has length 0 (ignore if produced by DAGMan; see gittrac #4987, #5031)
04/14/22 18:20:57 (D_ALWAYS) DAG status: 0 (DAG_STATUS_OK)
04/14/22 18:20:57 (D_ALWAYS) Of 1 nodes total:
04/14/22 18:20:57 (D_ALWAYS)  Done     Pre   Queued    Post   Ready   Un-Ready   Failed
04/14/22 18:20:57 (D_ALWAYS)   ===     ===      ===     ===     ===        ===      ===
04/14/22 18:20:57 (D_ALWAYS)     0       1        0       0       0          0        0
04/14/22 18:20:57 (D_ALWAYS) 0 job proc(s) currently held
04/14/22 18:20:57 (D_ALWAYS) DAGMan Runtime Statistics: [ EventCycleTimeCount = 0.0; EventCycleTimeSum = 0.0; LogProcessCycleTimeCount = 0.0; LogProcessCycleTimeSum = 0.0; SleepCycleTimeCount = 0.0; SleepCycleTimeSum = 0.0; SubmitCycleTimeCount = 0.0; SubmitCycleTimeSum = 0.0; ]
04/14/22 18:20:57 (D_ALWAYS) Registering condor_event_timer...
04/14/22 18:20:57 (D_ALWAYS) PRE Script of node 1 completed successfully.
04/14/22 18:20:58 (D_ALWAYS) Submitting HTCondor Node 1 job(s)...
04/14/22 18:20:58 (D_ALWAYS) Submitting node 1 from file process.sub using direct job submission
04/14/22 18:20:58 (D_ALWAYS) Submit warning: Submit:0:the line 'RETRY = 0' was unused by DAGMAN. Is it a typo?
|Submit:0:the line 'JOB = 1' was unused by DAGMAN. Is it a typo?
04/14/22 18:20:58 (D_ALWAYS) 	assigned HTCondor ID (230373.0.0)
04/14/22 18:20:58 (D_ALWAYS) Just submitted 1 job this cycle...
04/14/22 18:20:58 (D_ALWAYS) DAG status: 0 (DAG_STATUS_OK)
04/14/22 18:20:58 (D_ALWAYS) Of 1 nodes total:
04/14/22 18:20:58 (D_ALWAYS)  Done     Pre   Queued    Post   Ready   Un-Ready   Failed
04/14/22 18:20:58 (D_ALWAYS)   ===     ===      ===     ===     ===        ===      ===
04/14/22 18:20:58 (D_ALWAYS)     0       0        1       0       0          0        0
04/14/22 18:20:58 (D_ALWAYS) 0 job proc(s) currently held
04/14/22 18:20:58 (D_ALWAYS) DAGMan Runtime Statistics: [ EventCycleTimeCount = 0.0; EventCycleTimeSum = 0.0; LogProcessCycleTimeCount = 0.0; LogProcessCycleTimeSum = 0.0; SleepCycleTimeCount = 0.0; SleepCycleTimeSum = 0.0; SubmitCycleTimeAvg = 0.02722406387329102; SubmitCycleTimeCount = 1.0; SubmitCycleTimeMax = 0.02722406387329102; SubmitCycleTimeMin = 0.02722406387329102; SubmitCycleTimeStd = 0.02722406387329102; SubmitCycleTimeSum = 0.02722406387329102; ]
04/14/22 18:21:03 (D_ALWAYS) Currently monitoring 1 HTCondor log file(s)
04/14/22 18:21:03 (D_ALWAYS) Reassigning the id of job 1 from (230373.0.0) to (230373.0.0)
04/14/22 18:21:03 (D_ALWAYS) Event: ULOG_SUBMIT for HTCondor Node 1 (230373.0.0) {04/14/22 18:20:58}
04/14/22 18:21:03 (D_ALWAYS) Number of idle job procs: 1
04/14/22 18:21:03 (D_ALWAYS) Reassigning the id of job 1 from (230373.0.0) to (230373.1.0)
04/14/22 18:21:03 (D_ALWAYS) Event: ULOG_SUBMIT for HTCondor Node 1 (230373.1.0) {04/14/22 18:20:58}
04/14/22 18:21:03 (D_ALWAYS) Number of idle job procs: 2
04/14/22 18:21:03 (D_ALWAYS) Reassigning the id of job 1 from (230373.1.0) to (230373.2.0)
04/14/22 18:21:03 (D_ALWAYS) Event: ULOG_SUBMIT for HTCondor Node 1 (230373.2.0) {04/14/22 18:20:58}
04/14/22 18:21:03 (D_ALWAYS) Number of idle job procs: 3
04/14/22 18:21:03 (D_ALWAYS) Reassigning the id of job 1 from (230373.2.0) to (230373.3.0)
04/14/22 18:21:03 (D_ALWAYS) Event: ULOG_SUBMIT for HTCondor Node 1 (230373.3.0) {04/14/22 18:20:58}
04/14/22 18:21:03 (D_ALWAYS) Number of idle job procs: 4
04/14/22 18:21:03 (D_ALWAYS) Reassigning the id of job 1 from (230373.3.0) to (230373.4.0)
04/14/22 18:21:03 (D_ALWAYS) Event: ULOG_SUBMIT for HTCondor Node 1 (230373.4.0) {04/14/22 18:20:58}
04/14/22 18:21:03 (D_ALWAYS) Number of idle job procs: 5
04/14/22 18:21:48 (D_ALWAYS) Currently monitoring 1 HTCondor log file(s)
04/14/22 18:21:48 (D_ALWAYS) Event: ULOG_EXECUTE for HTCondor Node 1 (230373.1.0) {04/14/22 18:21:44}
04/14/22 18:21:48 (D_ALWAYS) Number of idle job procs: 4
04/14/22 18:21:48 (D_ALWAYS) Event: ULOG_EXECUTE for HTCondor Node 1 (230373.0.0) {04/14/22 18:21:44}
04/14/22 18:21:48 (D_ALWAYS) Number of idle job procs: 3
04/14/22 18:21:48 (D_ALWAYS) Event: ULOG_EXECUTE for HTCondor Node 1 (230373.2.0) {04/14/22 18:21:44}
04/14/22 18:21:48 (D_ALWAYS) Number of idle job procs: 2
04/14/22 18:21:48 (D_ALWAYS) Event: ULOG_EXECUTE for HTCondor Node 1 (230373.3.0) {04/14/22 18:21:44}
04/14/22 18:21:48 (D_ALWAYS) Number of idle job procs: 1
04/14/22 18:21:48 (D_ALWAYS) Event: ULOG_EXECUTE for HTCondor Node 1 (230373.4.0) {04/14/22 18:21:44}
04/14/22 18:21:48 (D_ALWAYS) Number of idle job procs: 0
04/14/22 18:21:48 (D_ALWAYS) Event: ULOG_JOB_TERMINATED for HTCondor Node 1 (230373.3.0) {04/14/22 18:21:44}
04/14/22 18:21:48 (D_ALWAYS) Number of idle job procs: 0
04/14/22 18:21:48 (D_ALWAYS) Node 1 job proc (230373.3.0) completed successfully.
04/14/22 18:21:48 (D_ALWAYS) Event: ULOG_JOB_TERMINATED for HTCondor Node 1 (230373.4.0) {04/14/22 18:21:44}
04/14/22 18:21:48 (D_ALWAYS) Number of idle job procs: 0
04/14/22 18:21:48 (D_ALWAYS) Node 1 job proc (230373.4.0) completed successfully.
04/14/22 18:21:48 (D_ALWAYS) Event: ULOG_JOB_TERMINATED for HTCondor Node 1 (230373.0.0) {04/14/22 18:21:44}
04/14/22 18:21:48 (D_ALWAYS) Number of idle job procs: 0
04/14/22 18:21:48 (D_ALWAYS) Node 1 job proc (230373.0.0) completed successfully.
04/14/22 18:21:48 (D_ALWAYS) Event: ULOG_JOB_TERMINATED for HTCondor Node 1 (230373.1.0) {04/14/22 18:21:45}
04/14/22 18:21:48 (D_ALWAYS) Number of idle job procs: 0
04/14/22 18:21:48 (D_ALWAYS) Node 1 job proc (230373.1.0) completed successfully.
04/14/22 18:21:48 (D_ALWAYS) Event: ULOG_JOB_TERMINATED for HTCondor Node 1 (230373.2.0) {04/14/22 18:21:45}
04/14/22 18:21:48 (D_ALWAYS) Number of idle job procs: 0
04/14/22 18:21:48 (D_ALWAYS) Node 1 job proc (230373.2.0) completed successfully.
04/14/22 18:21:48 (D_ALWAYS) Node 1 job completed
04/14/22 18:21:48 (D_ALWAYS) Running POST script of Node 1...
04/14/22 18:21:48 (D_ALWAYS) Warning: mysin has length 0 (ignore if produced by DAGMan; see gittrac #4987, #5031)
04/14/22 18:21:48 (D_ALWAYS) DAG status: 0 (DAG_STATUS_OK)
04/14/22 18:21:48 (D_ALWAYS) Of 1 nodes total:
04/14/22 18:21:48 (D_ALWAYS)  Done     Pre   Queued    Post   Ready   Un-Ready   Failed
04/14/22 18:21:48 (D_ALWAYS)   ===     ===      ===     ===     ===        ===      ===
04/14/22 18:21:48 (D_ALWAYS)     0       0        0       1       0          0        0
04/14/22 18:21:48 (D_ALWAYS) 0 job proc(s) currently held
04/14/22 18:21:48 (D_ALWAYS) DAGMan Runtime Statistics: [ EventCycleTimeAvg = 0.00282139778137207; EventCycleTimeCount = 10.0; EventCycleTimeMax = 0.0274350643157959; EventCycleTimeMin = 2.002716064453125E-05; EventCycleTimeStd = 0.008650272165375719; EventCycleTimeSum = 0.0282139778137207; LogProcessCycleTimeAvg = 0.01151406764984131; LogProcessCycleTimeCount = 2.0; LogProcessCycleTimeMax = 0.02245306968688965; LogProcessCycleTimeMin = 0.0005750656127929688; LogProcessCycleTimeStd = 0.01547008503962068; LogProcessCycleTimeSum = 0.02302813529968262; SleepCycleTimeAvg = 5.004747915267944; SleepCycleTimeCount = 10.0; SleepCycleTimeMax = 5.005129098892212; SleepCycleTimeMin = 5.002677202224731; SleepCycleTimeStd = 0.0007385964129995717; SleepCycleTimeSum = 50.04747915267944; SubmitCycleTimeAvg = 0.002482609315352006; SubmitCycleTimeCount = 11.0; SubmitCycleTimeMax = 0.02722406387329102; SubmitCycleTimeMin = 6.914138793945312E-06; SubmitCycleTimeStd = 0.008205812208529385; SubmitCycleTimeSum = 0.02730870246887207; ]
04/14/22 18:21:48 (D_ALWAYS) Initializing user log writer for /home/yren58/group3/./words.dag.nodes.log, (230373.0.0)
04/14/22 18:21:53 (D_ALWAYS) Currently monitoring 1 HTCondor log file(s)
04/14/22 18:21:53 (D_ALWAYS) Event: ULOG_POST_SCRIPT_TERMINATED for HTCondor Node 1 (230373.0.0) {04/14/22 18:21:48}
04/14/22 18:21:53 (D_ALWAYS) POST Script of node 1 completed successfully.
04/14/22 18:21:53 (D_ALWAYS) DAG status: 0 (DAG_STATUS_OK)
04/14/22 18:21:53 (D_ALWAYS) Of 1 nodes total:
04/14/22 18:21:53 (D_ALWAYS)  Done     Pre   Queued    Post   Ready   Un-Ready   Failed
04/14/22 18:21:53 (D_ALWAYS)   ===     ===      ===     ===     ===        ===      ===
04/14/22 18:21:53 (D_ALWAYS)     1       0        0       0       0          0        0
04/14/22 18:21:53 (D_ALWAYS) 0 job proc(s) currently held
04/14/22 18:21:53 (D_ALWAYS) DAGMan Runtime Statistics: [ EventCycleTimeAvg = 0.004628441550514915; EventCycleTimeCount = 11.0; EventCycleTimeMax = 0.0274350643157959; EventCycleTimeMin = 2.002716064453125E-05; EventCycleTimeStd = 0.0101618879496452; EventCycleTimeSum = 0.05091285705566406; LogProcessCycleTimeAvg = 0.007738749186197917; LogProcessCycleTimeCount = 3.0; LogProcessCycleTimeMax = 0.02245306968688965; LogProcessCycleTimeMin = 0.0001881122589111328; LogProcessCycleTimeStd = 0.01274444404720456; LogProcessCycleTimeSum = 0.02321624755859375; SleepCycleTimeAvg = 5.019157561388883; SleepCycleTimeCount = 11.0; SleepCycleTimeMax = 5.163254022598267; SleepCycleTimeMin = 5.002677202224731; SleepCycleTimeStd = 0.04779652588658734; SleepCycleTimeSum = 55.21073317527771; SubmitCycleTimeAvg = 0.002276380856831869; SubmitCycleTimeCount = 12.0; SubmitCycleTimeMax = 0.02722406387329102; SubmitCycleTimeMin = 6.914138793945312E-06; SubmitCycleTimeStd = 0.007856482693200641; SubmitCycleTimeSum = 0.02731657028198242; ]
04/14/22 18:21:53 (D_ALWAYS) All jobs Completed!
04/14/22 18:21:53 (D_ALWAYS) Note: 0 total job deferrals because of -MaxJobs limit (0)
04/14/22 18:21:53 (D_ALWAYS) Note: 0 total job deferrals because of -MaxIdle limit (1000)
04/14/22 18:21:53 (D_ALWAYS) Note: 0 total job deferrals because of node category throttles
04/14/22 18:21:53 (D_ALWAYS) Note: 0 total PRE script deferrals because of -MaxPre limit (20) or DEFER
04/14/22 18:21:53 (D_ALWAYS) Note: 0 total POST script deferrals because of -MaxPost limit (20) or DEFER
04/14/22 18:21:53 (D_ALWAYS) Note: 0 total HOLD script deferrals because of -MaxHold limit (20) or DEFER
04/14/22 18:21:53 (D_ALWAYS) DAG status: 0 (DAG_STATUS_OK)
04/14/22 18:21:53 (D_ALWAYS) Of 1 nodes total:
04/14/22 18:21:53 (D_ALWAYS)  Done     Pre   Queued    Post   Ready   Un-Ready   Failed
04/14/22 18:21:53 (D_ALWAYS)   ===     ===      ===     ===     ===        ===      ===
04/14/22 18:21:53 (D_ALWAYS)     1       0        0       0       0          0        0
04/14/22 18:21:53 (D_ALWAYS) 0 job proc(s) currently held
04/14/22 18:21:53 (D_ALWAYS) DAGMan Runtime Statistics: [ EventCycleTimeAvg = 0.004628441550514915; EventCycleTimeCount = 11.0; EventCycleTimeMax = 0.0274350643157959; EventCycleTimeMin = 2.002716064453125E-05; EventCycleTimeStd = 0.0101618879496452; EventCycleTimeSum = 0.05091285705566406; LogProcessCycleTimeAvg = 0.007738749186197917; LogProcessCycleTimeCount = 3.0; LogProcessCycleTimeMax = 0.02245306968688965; LogProcessCycleTimeMin = 0.0001881122589111328; LogProcessCycleTimeStd = 0.01274444404720456; LogProcessCycleTimeSum = 0.02321624755859375; SleepCycleTimeAvg = 5.019157561388883; SleepCycleTimeCount = 11.0; SleepCycleTimeMax = 5.163254022598267; SleepCycleTimeMin = 5.002677202224731; SleepCycleTimeStd = 0.04779652588658734; SleepCycleTimeSum = 55.21073317527771; SubmitCycleTimeAvg = 0.002276380856831869; SubmitCycleTimeCount = 12.0; SubmitCycleTimeMax = 0.02722406387329102; SubmitCycleTimeMin = 6.914138793945312E-06; SubmitCycleTimeStd = 0.007856482693200641; SubmitCycleTimeSum = 0.02731657028198242; ]
04/14/22 18:21:53 (D_ALWAYS) Wrote metrics file words.dag.metrics.
04/14/22 18:21:53 (D_ALWAYS) DAGMan Runtime Statistics: [ EventCycleTimeAvg = 0.004628441550514915; EventCycleTimeCount = 11.0; EventCycleTimeMax = 0.0274350643157959; EventCycleTimeMin = 2.002716064453125E-05; EventCycleTimeStd = 0.0101618879496452; EventCycleTimeSum = 0.05091285705566406; LogProcessCycleTimeAvg = 0.007738749186197917; LogProcessCycleTimeCount = 3.0; LogProcessCycleTimeMax = 0.02245306968688965; LogProcessCycleTimeMin = 0.0001881122589111328; LogProcessCycleTimeStd = 0.01274444404720456; LogProcessCycleTimeSum = 0.02321624755859375; SleepCycleTimeAvg = 5.019157561388883; SleepCycleTimeCount = 11.0; SleepCycleTimeMax = 5.163254022598267; SleepCycleTimeMin = 5.002677202224731; SleepCycleTimeStd = 0.04779652588658734; SleepCycleTimeSum = 55.21073317527771; SubmitCycleTimeAvg = 0.002276380856831869; SubmitCycleTimeCount = 12.0; SubmitCycleTimeMax = 0.02722406387329102; SubmitCycleTimeMin = 6.914138793945312E-06; SubmitCycleTimeStd = 0.007856482693200641; SubmitCycleTimeSum = 0.02731657028198242; ]
04/14/22 18:21:53 (D_ALWAYS) **** condor_scheduniv_exec.230372.0 (condor_DAGMAN) pid 2828427 EXITING WITH STATUS 0
