000 (230362.004.000) 2022-04-14 18:06:12 Job submitted from host: <128.104.100.148:9618?addrs=128.104.100.148-9618+[2607-f388-107c-501-216-3eff-feb2-bc11]-9618&alias=learn.chtc.wisc.edu&noUDP&sock=schedd_1096_57e3>
    DAG Node: 1
...
040 (230362.004.000) 2022-04-14 18:06:41 Started transferring input files
	Transferring to host: <128.104.58.190:9618?addrs=128.104.58.190-9618+[2607-f388-1086-0-16fe-b5ff-fec6-7c4b]-9618&alias=e1045.chtc.wisc.edu&noUDP&sock=slot1_32_36400_d7c1_14762>
...
040 (230362.004.000) 2022-04-14 18:06:41 Finished transferring input files
...
001 (230362.004.000) 2022-04-14 18:06:42 Job executing on host: <128.104.58.190:9618?addrs=128.104.58.190-9618+[2607-f388-1086-0-16fe-b5ff-fec6-7c4b]-9618&alias=e1045.chtc.wisc.edu&noUDP&sock=startd_4852_a59b>
...
006 (230362.004.000) 2022-04-14 18:06:43 Image size of job updated: 1
	0  -  MemoryUsage of job (MB)
	0  -  ResidentSetSize of job (KB)
...
040 (230362.004.000) 2022-04-14 18:06:43 Started transferring output files
...
040 (230362.004.000) 2022-04-14 18:06:43 Finished transferring output files
...
005 (230362.004.000) 2022-04-14 18:06:43 Job terminated.
	(1) Normal termination (return value 0)
		Usr 0 00:00:00, Sys 0 00:00:00  -  Run Remote Usage
		Usr 0 00:00:00, Sys 0 00:00:00  -  Run Local Usage
		Usr 0 00:00:00, Sys 0 00:00:00  -  Total Remote Usage
		Usr 0 00:00:00, Sys 0 00:00:00  -  Total Local Usage
	980189  -  Run Bytes Sent By Job
	1012151  -  Run Bytes Received By Job
	980189  -  Total Bytes Sent By Job
	1012151  -  Total Bytes Received By Job
	Partitionable Resources :    Usage  Request Allocated 
	   Cpus                 :                 1         1 
	   Disk (KB)            :     1964     2048    301106 
	   IoHeavy              :                           0 
	   Memory (MB)          :        0     1024      1024 

	Job terminated of its own accord at 2022-04-14T23:06:43Z with exit-code 0.
...
