000 (230362.003.000) 2022-04-14 18:06:12 Job submitted from host: <128.104.100.148:9618?addrs=128.104.100.148-9618+[2607-f388-107c-501-216-3eff-feb2-bc11]-9618&alias=learn.chtc.wisc.edu&noUDP&sock=schedd_1096_57e3>
    DAG Node: 1
...
040 (230362.003.000) 2022-04-14 18:06:41 Started transferring input files
	Transferring to host: <128.104.103.15:9618?addrs=128.104.103.15-9618+[2607-f388-107c-501-62eb-69ff-fe82-4952]-9618&alias=e0061.chtc.wisc.edu&noUDP&sock=slot1_3_2890_042f_28865>
...
040 (230362.003.000) 2022-04-14 18:06:41 Finished transferring input files
...
001 (230362.003.000) 2022-04-14 18:06:42 Job executing on host: <128.104.103.15:9618?addrs=128.104.103.15-9618+[2607-f388-107c-501-62eb-69ff-fe82-4952]-9618&alias=e0061.chtc.wisc.edu&noUDP&sock=startd_4094_b8d1>
...
006 (230362.003.000) 2022-04-14 18:06:43 Image size of job updated: 1
	0  -  MemoryUsage of job (MB)
	0  -  ResidentSetSize of job (KB)
...
040 (230362.003.000) 2022-04-14 18:06:43 Started transferring output files
...
040 (230362.003.000) 2022-04-14 18:06:43 Finished transferring output files
...
005 (230362.003.000) 2022-04-14 18:06:43 Job terminated.
	(1) Normal termination (return value 0)
		Usr 0 00:00:00, Sys 0 00:00:00  -  Run Remote Usage
		Usr 0 00:00:00, Sys 0 00:00:00  -  Run Local Usage
		Usr 0 00:00:00, Sys 0 00:00:00  -  Total Remote Usage
		Usr 0 00:00:00, Sys 0 00:00:00  -  Total Local Usage
	1066250  -  Run Bytes Sent By Job
	1093881  -  Run Bytes Received By Job
	1066250  -  Total Bytes Sent By Job
	1093881  -  Total Bytes Received By Job
	Partitionable Resources :    Usage  Request Allocated 
	   Cpus                 :                 1         1 
	   Disk (KB)            :     2128     2048    906247 
	   IoHeavy              :                           0 
	   Memory (MB)          :        0     1024      1024 

	Job terminated of its own accord at 2022-04-14T23:06:43Z with exit-code 0.
...
