000 (230030.002.000) 2022-04-11 16:19:59 Job submitted from host: <128.104.100.148:9618?addrs=128.104.100.148-9618+[2607-f388-107c-501-216-3eff-feb2-bc11]-9618&alias=learn.chtc.wisc.edu&noUDP&sock=schedd_1096_57e3>
    DAG Node: 1
...
040 (230030.002.000) 2022-04-11 16:20:11 Started transferring input files
	Transferring to host: <128.104.58.185:9618?addrs=128.104.58.185-9618+[2607-f388-1086-0-16fe-b5ff-fec6-80a7]-9618&alias=e1040.chtc.wisc.edu&noUDP&sock=slot1_15_35459_d2bb_7249>
...
040 (230030.002.000) 2022-04-11 16:20:11 Finished transferring input files
...
001 (230030.002.000) 2022-04-11 16:20:12 Job executing on host: <128.104.58.185:9618?addrs=128.104.58.185-9618+[2607-f388-1086-0-16fe-b5ff-fec6-80a7]-9618&alias=e1040.chtc.wisc.edu&noUDP&sock=startd_5154_cb35>
...
006 (230030.002.000) 2022-04-11 16:20:13 Image size of job updated: 1
	0  -  MemoryUsage of job (MB)
	0  -  ResidentSetSize of job (KB)
...
040 (230030.002.000) 2022-04-11 16:20:13 Started transferring output files
...
040 (230030.002.000) 2022-04-11 16:20:13 Finished transferring output files
...
005 (230030.002.000) 2022-04-11 16:20:13 Job terminated.
	(1) Normal termination (return value 0)
		Usr 0 00:00:00, Sys 0 00:00:00  -  Run Remote Usage
		Usr 0 00:00:00, Sys 0 00:00:00  -  Run Local Usage
		Usr 0 00:00:00, Sys 0 00:00:00  -  Total Remote Usage
		Usr 0 00:00:00, Sys 0 00:00:00  -  Total Local Usage
	1077489  -  Run Bytes Sent By Job
	1107682  -  Run Bytes Received By Job
	1077489  -  Total Bytes Sent By Job
	1107682  -  Total Bytes Received By Job
	Partitionable Resources :    Usage  Request Allocated 
	   Cpus                 :                 1         1 
	   Disk (KB)            :     2152     2048    163083 
	   IoHeavy              :                           0 
	   Memory (MB)          :        0     1024      1024 

	Job terminated of its own accord at 2022-04-11T21:20:13Z with exit-code 0.
...
