000 (230373.004.000) 2022-04-14 18:20:58 Job submitted from host: <128.104.100.148:9618?addrs=128.104.100.148-9618+[2607-f388-107c-501-216-3eff-feb2-bc11]-9618&alias=learn.chtc.wisc.edu&noUDP&sock=schedd_1096_57e3>
    DAG Node: 1
...
040 (230373.004.000) 2022-04-14 18:21:43 Started transferring input files
	Transferring to host: <128.104.58.167:9618?addrs=128.104.58.167-9618+[2607-f388-1086-0-16fe-b5ff-fec6-7516]-9618&alias=e1020.chtc.wisc.edu&noUDP&sock=slot1_29_47231_431a_16505>
...
040 (230373.004.000) 2022-04-14 18:21:43 Finished transferring input files
...
001 (230373.004.000) 2022-04-14 18:21:44 Job executing on host: <128.104.58.167:9618?addrs=128.104.58.167-9618+[2607-f388-1086-0-16fe-b5ff-fec6-7516]-9618&alias=e1020.chtc.wisc.edu&noUDP&sock=startd_4717_0c52>
...
006 (230373.004.000) 2022-04-14 18:21:44 Image size of job updated: 51220
	0  -  MemoryUsage of job (MB)
	0  -  ResidentSetSize of job (KB)
...
040 (230373.004.000) 2022-04-14 18:21:44 Started transferring output files
...
040 (230373.004.000) 2022-04-14 18:21:44 Finished transferring output files
...
005 (230373.004.000) 2022-04-14 18:21:44 Job terminated.
	(1) Normal termination (return value 0)
		Usr 0 00:00:00, Sys 0 00:00:00  -  Run Remote Usage
		Usr 0 00:00:00, Sys 0 00:00:00  -  Run Local Usage
		Usr 0 00:00:00, Sys 0 00:00:00  -  Total Remote Usage
		Usr 0 00:00:00, Sys 0 00:00:00  -  Total Local Usage
	980189  -  Run Bytes Sent By Job
	1012151  -  Run Bytes Received By Job
	980189  -  Total Bytes Sent By Job
	1012151  -  Total Bytes Received By Job
	Partitionable Resources :    Usage  Request Allocated 
	   Cpus                 :                 1         1 
	   Disk (KB)            :     1964     2048    329453 
	   IoHeavy              :                           0 
	   Memory (MB)          :        0     1024      1024 

	Job terminated of its own accord at 2022-04-14T23:21:44Z with exit-code 0.
...
