000 (229978.004.000) 2022-04-07 17:43:12 Job submitted from host: <128.104.100.148:9618?addrs=128.104.100.148-9618+[2607-f388-107c-501-216-3eff-feb2-bc11]-9618&alias=learn.chtc.wisc.edu&noUDP&sock=schedd_1096_57e3>
    DAG Node: 1
...
040 (229978.004.000) 2022-04-07 17:43:48 Started transferring input files
	Transferring to host: <128.104.58.152:9618?addrs=128.104.58.152-9618+[2607-f388-1086-0-16fe-b5ff-fec6-7b7c]-9618&alias=e1004.chtc.wisc.edu&noUDP&sock=slot1_26_24721_ee46_114745>
...
040 (229978.004.000) 2022-04-07 17:43:48 Finished transferring input files
...
001 (229978.004.000) 2022-04-07 17:43:49 Job executing on host: <128.104.58.152:9618?addrs=128.104.58.152-9618+[2607-f388-1086-0-16fe-b5ff-fec6-7b7c]-9618&alias=e1004.chtc.wisc.edu&noUDP&sock=startd_4877_cb79>
...
006 (229978.004.000) 2022-04-07 17:43:50 Image size of job updated: 1
	0  -  MemoryUsage of job (MB)
	0  -  ResidentSetSize of job (KB)
...
040 (229978.004.000) 2022-04-07 17:43:50 Started transferring output files
...
040 (229978.004.000) 2022-04-07 17:43:50 Finished transferring output files
...
005 (229978.004.000) 2022-04-07 17:43:50 Job terminated.
	(1) Normal termination (return value 0)
		Usr 0 00:00:00, Sys 0 00:00:00  -  Run Remote Usage
		Usr 0 00:00:00, Sys 0 00:00:00  -  Run Local Usage
		Usr 0 00:00:00, Sys 0 00:00:00  -  Total Remote Usage
		Usr 0 00:00:00, Sys 0 00:00:00  -  Total Local Usage
	980189  -  Run Bytes Sent By Job
	1012151  -  Run Bytes Received By Job
	980189  -  Total Bytes Sent By Job
	1012151  -  Total Bytes Received By Job
	Partitionable Resources :    Usage  Request Allocated 
	   Cpus                 :                 1         1 
	   Disk (KB)            :     1964     2048    301672 
	   IoHeavy              :                           0 
	   Memory (MB)          :        0     1024      1024 

	Job terminated of its own accord at 2022-04-07T22:43:50Z with exit-code 0.
...
